<?xml version="1.0" encoding="UTF-8" ?>
<testsuite failures="3" time="2.774" errors="0" skipped="0" tests="3" name="TestSuite">
  <properties>
    <property name="java.runtime.name" value="Java(TM) SE Runtime Environment"/>
    <property name="sun.boot.library.path" value="/Library/Java/JavaVirtualMachines/jdk1.7.0_79.jdk/Contents/Home/jre/lib"/>
    <property name="java.vm.version" value="24.79-b02"/>
    <property name="user.country.format" value="IN"/>
    <property name="gopherProxySet" value="false"/>
    <property name="java.vm.vendor" value="Oracle Corporation"/>
    <property name="java.vendor.url" value="http://java.oracle.com/"/>
    <property name="path.separator" value=":"/>
    <property name="guice.disable.misplaced.annotation.check" value="true"/>
    <property name="java.vm.name" value="Java HotSpot(TM) 64-Bit Server VM"/>
    <property name="file.encoding.pkg" value="sun.io"/>
    <property name="user.country" value="US"/>
    <property name="sun.java.launcher" value="SUN_STANDARD"/>
    <property name="sun.os.patch.level" value="unknown"/>
    <property name="java.vm.specification.name" value="Java Virtual Machine Specification"/>
    <property name="user.dir" value="/Users/m01680/MyntraAutomationTesting/MypreciousCheckout/DemoFW"/>
    <property name="java.runtime.version" value="1.7.0_79-b15"/>
    <property name="java.awt.graphicsenv" value="sun.awt.CGraphicsEnvironment"/>
    <property name="java.endorsed.dirs" value="/Library/Java/JavaVirtualMachines/jdk1.7.0_79.jdk/Contents/Home/jre/lib/endorsed"/>
    <property name="os.arch" value="x86_64"/>
    <property name="java.io.tmpdir" value="/var/folders/ty/pkzn5jdn6z93d2gwcvp89lwxbttbym/T/"/>
    <property name="line.separator" value="
"/>
    <property name="java.vm.specification.vendor" value="Oracle Corporation"/>
    <property name="os.name" value="Mac OS X"/>
    <property name="classworlds.conf" value="/Users/m01680/MyntraAutomationTesting/MypreciousCheckout/.metadata/.plugins/org.eclipse.m2e.launching/launches/m2conf167644897224482712.tmp"/>
    <property name="sun.jnu.encoding" value="UTF-8"/>
    <property name="java.library.path" value="/Users/m01680/Library/Java/Extensions:/Library/Java/Extensions:/Network/Library/Java/Extensions:/System/Library/Java/Extensions:/usr/lib/java:."/>
    <property name="java.specification.name" value="Java Platform API Specification"/>
    <property name="java.class.version" value="51.0"/>
    <property name="sun.management.compiler" value="HotSpot 64-Bit Tiered Compilers"/>
    <property name="os.version" value="10.11.6"/>
    <property name="http.nonProxyHosts" value="local|*.local|169.254/16|*.169.254/16"/>
    <property name="user.home" value="/Users/m01680"/>
    <property name="user.timezone" value="Asia/Kolkata"/>
    <property name="java.awt.printerjob" value="sun.lwawt.macosx.CPrinterJob"/>
    <property name="java.specification.version" value="1.7"/>
    <property name="file.encoding" value="UTF-8"/>
    <property name="user.name" value="m01680"/>
    <property name="java.class.path" value="/Users/m01680/Desktop/Manu/Softwares/eclipse/configuration/org.eclipse.osgi/bundles/535/1/.cp/jars/plexus-classworlds-2.4.jar"/>
    <property name="java.vm.specification.version" value="1.7"/>
    <property name="sun.arch.data.model" value="64"/>
    <property name="java.home" value="/Library/Java/JavaVirtualMachines/jdk1.7.0_79.jdk/Contents/Home/jre"/>
    <property name="sun.java.command" value="org.codehaus.plexus.classworlds.launcher.Launcher -B install"/>
    <property name="java.specification.vendor" value="Oracle Corporation"/>
    <property name="user.language" value="en"/>
    <property name="awt.toolkit" value="sun.lwawt.macosx.LWCToolkit"/>
    <property name="java.vm.info" value="mixed mode"/>
    <property name="java.version" value="1.7.0_79"/>
    <property name="java.ext.dirs" value="/Users/m01680/Library/Java/Extensions:/Library/Java/JavaVirtualMachines/jdk1.7.0_79.jdk/Contents/Home/jre/lib/ext:/Library/Java/Extensions:/Network/Library/Java/Extensions:/System/Library/Java/Extensions:/usr/lib/java"/>
    <property name="sun.boot.class.path" value="/Library/Java/JavaVirtualMachines/jdk1.7.0_79.jdk/Contents/Home/jre/lib/resources.jar:/Library/Java/JavaVirtualMachines/jdk1.7.0_79.jdk/Contents/Home/jre/lib/rt.jar:/Library/Java/JavaVirtualMachines/jdk1.7.0_79.jdk/Contents/Home/jre/lib/sunrsasign.jar:/Library/Java/JavaVirtualMachines/jdk1.7.0_79.jdk/Contents/Home/jre/lib/jsse.jar:/Library/Java/JavaVirtualMachines/jdk1.7.0_79.jdk/Contents/Home/jre/lib/jce.jar:/Library/Java/JavaVirtualMachines/jdk1.7.0_79.jdk/Contents/Home/jre/lib/charsets.jar:/Library/Java/JavaVirtualMachines/jdk1.7.0_79.jdk/Contents/Home/jre/lib/jfr.jar:/Library/Java/JavaVirtualMachines/jdk1.7.0_79.jdk/Contents/Home/jre/classes"/>
    <property name="java.vendor" value="Oracle Corporation"/>
    <property name="maven.home" value="/Users/m01680/MyntraAutomationTesting/MypreciousCheckout/DemoFW/EMBEDDED"/>
    <property name="file.separator" value="/"/>
    <property name="java.vendor.url.bug" value="http://bugreport.sun.com/bugreport/"/>
    <property name="maven.bootclasspath" value="/Users/m01680/Desktop/Manu/Softwares/eclipse/configuration/org.eclipse.osgi/bundles/535/1/.cp/jars/plexus-classworlds-2.4.jar"/>
    <property name="sun.cpu.endian" value="little"/>
    <property name="sun.io.unicode.encoding" value="UnicodeBig"/>
    <property name="socksNonProxyHosts" value="local|*.local|169.254/16|*.169.254/16"/>
    <property name="ftp.nonProxyHosts" value="local|*.local|169.254/16|*.169.254/16"/>
    <property name="sun.cpu.isalist" value=""/>
  </properties>
  <testcase time="0.296" classname="com.gmp.SearchTest" name="searchTest">
    <failure message="com/google/gson/JsonParseException" type="java.lang.NoClassDefFoundError">java.lang.NoClassDefFoundError: com/google/gson/JsonParseException
	at org.openqa.selenium.remote.http.JsonHttpCommandCodec.&lt;init&gt;(JsonHttpCommandCodec.java:63)
	at org.openqa.selenium.remote.HttpCommandExecutor.&lt;init&gt;(HttpCommandExecutor.java:85)
	at io.appium.java_client.remote.AppiumCommandExecutor.&lt;init&gt;(AppiumCommandExecutor.java:39)
	at io.appium.java_client.remote.AppiumCommandExecutor.&lt;init&gt;(AppiumCommandExecutor.java:52)
	at io.appium.java_client.AppiumDriver.&lt;init&gt;(AppiumDriver.java:169)
	at io.appium.java_client.android.AndroidDriver.&lt;init&gt;(AndroidDriver.java:82)
	at com.gmt.base.BaseTest.launchApp(BaseTest.java:36)
	at com.gmp.SearchTest.searchTest(SearchTest.java:20)
Caused by: java.lang.ClassNotFoundException: com.google.gson.JsonParseException
	at java.net.URLClassLoader$1.run(URLClassLoader.java:366)
	at java.net.URLClassLoader$1.run(URLClassLoader.java:355)
	at java.security.AccessController.doPrivileged(Native Method)
	at java.net.URLClassLoader.findClass(URLClassLoader.java:354)
	at java.lang.ClassLoader.loadClass(ClassLoader.java:425)
	at sun.misc.Launcher$AppClassLoader.loadClass(Launcher.java:308)
	at java.lang.ClassLoader.loadClass(ClassLoader.java:358)
	... 42 more
</failure>
  </testcase>
  <testcase time="0.002" classname="com.gmp.SignInTest" name="signInTest">
    <failure message="com/google/gson/JsonParseException" type="java.lang.NoClassDefFoundError">java.lang.NoClassDefFoundError: com/google/gson/JsonParseException
	at org.openqa.selenium.remote.http.JsonHttpCommandCodec.&lt;init&gt;(JsonHttpCommandCodec.java:63)
	at org.openqa.selenium.remote.HttpCommandExecutor.&lt;init&gt;(HttpCommandExecutor.java:85)
	at io.appium.java_client.remote.AppiumCommandExecutor.&lt;init&gt;(AppiumCommandExecutor.java:39)
	at io.appium.java_client.remote.AppiumCommandExecutor.&lt;init&gt;(AppiumCommandExecutor.java:52)
	at io.appium.java_client.AppiumDriver.&lt;init&gt;(AppiumDriver.java:169)
	at io.appium.java_client.android.AndroidDriver.&lt;init&gt;(AndroidDriver.java:82)
	at com.gmt.base.BaseTest.launchApp(BaseTest.java:36)
	at com.gmp.SignInTest.signInTest(SignInTest.java:20)
Caused by: java.lang.ClassNotFoundException: com.google.gson.JsonParseException
	at java.net.URLClassLoader$1.run(URLClassLoader.java:366)
	at java.net.URLClassLoader$1.run(URLClassLoader.java:355)
	at java.security.AccessController.doPrivileged(Native Method)
	at java.net.URLClassLoader.findClass(URLClassLoader.java:354)
	at java.lang.ClassLoader.loadClass(ClassLoader.java:425)
	at sun.misc.Launcher$AppClassLoader.loadClass(Launcher.java:308)
	at java.lang.ClassLoader.loadClass(ClassLoader.java:358)
	... 42 more
</failure>
  </testcase>
  <testcase time="0.001" classname="com.gmp.SignUpTest" name="signUpTest">
    <failure message="com/google/gson/JsonParseException" type="java.lang.NoClassDefFoundError">java.lang.NoClassDefFoundError: com/google/gson/JsonParseException
	at org.openqa.selenium.remote.http.JsonHttpCommandCodec.&lt;init&gt;(JsonHttpCommandCodec.java:63)
	at org.openqa.selenium.remote.HttpCommandExecutor.&lt;init&gt;(HttpCommandExecutor.java:85)
	at io.appium.java_client.remote.AppiumCommandExecutor.&lt;init&gt;(AppiumCommandExecutor.java:39)
	at io.appium.java_client.remote.AppiumCommandExecutor.&lt;init&gt;(AppiumCommandExecutor.java:52)
	at io.appium.java_client.AppiumDriver.&lt;init&gt;(AppiumDriver.java:169)
	at io.appium.java_client.android.AndroidDriver.&lt;init&gt;(AndroidDriver.java:82)
	at com.gmt.base.BaseTest.launchApp(BaseTest.java:36)
	at com.gmp.SignUpTest.signUpTest(SignUpTest.java:20)
Caused by: java.lang.ClassNotFoundException: com.google.gson.JsonParseException
	at java.net.URLClassLoader$1.run(URLClassLoader.java:366)
	at java.net.URLClassLoader$1.run(URLClassLoader.java:355)
	at java.security.AccessController.doPrivileged(Native Method)
	at java.net.URLClassLoader.findClass(URLClassLoader.java:354)
	at java.lang.ClassLoader.loadClass(ClassLoader.java:425)
	at sun.misc.Launcher$AppClassLoader.loadClass(Launcher.java:308)
	at java.lang.ClassLoader.loadClass(ClassLoader.java:358)
	... 42 more
</failure>
  </testcase>
</testsuite>